<?xml version="1.0" encoding="UTF-8" standalone="no"?>
<!DOCTYPE log SYSTEM "logger.dtd">
<head/><log>
<record>
  <date>2016-11-30T16:24:35.510-0300</date>
  <logger>HIAGO NATAN FERNANDES DE SOUSA</logger>
  <level>FINE</level>
  <message>File 116210587-HIAGO NATAN FERNANDES DE SOUSA.zip was received. It was sent by HIAGO NATAN FERNANDES DE SOUSA from IP 192.168.56.1</message>
</record>
</log>
<?xml version="1.0" encoding="UTF-8" standalone="no"?>
<!DOCTYPE log SYSTEM "logger.dtd">
<log>
<record>
  <date>2016-11-30T20:26:14.980-0300</date>
  <logger>HIAGO NATAN FERNANDES DE SOUSA</logger>
  <level>FINE</level>
  <message>File 116210587-HIAGO NATAN FERNANDES DE SOUSA.zip was received. It was sent by HIAGO NATAN FERNANDES DE SOUSA from IP 192.168.0.105</message>
</record>
</log>
<?xml version="1.0" encoding="UTF-8" standalone="no"?>
<!DOCTYPE log SYSTEM "logger.dtd">
<log>
<record>
  <date>2016-11-30T20:27:34.952-0300</date>
  <logger>HIAGO NATAN FERNANDES DE SOUSA</logger>
  <level>FINE</level>
  <message>File 116210587-HIAGO NATAN FERNANDES DE SOUSA.zip was received. It was sent by HIAGO NATAN FERNANDES DE SOUSA from IP 192.168.0.105</message>
</record>
</log>
<?xml version="1.0" encoding="UTF-8" standalone="no"?>
<!DOCTYPE log SYSTEM "logger.dtd">
<log>
<record>
  <date>2016-11-30T20:29:29.625-0300</date>
  <logger>HIAGO NATAN FERNANDES DE SOUSA</logger>
  <level>FINE</level>
  <message>File 116210587-HIAGO NATAN FERNANDES DE SOUSA.zip was received. It was sent by HIAGO NATAN FERNANDES DE SOUSA from IP 192.168.0.105</message>
</record>
</log>
<?xml version="1.0" encoding="UTF-8" standalone="no"?>
<!DOCTYPE log SYSTEM "logger.dtd">
<log>
<record>
  <date>2016-11-30T21:52:34.064-0300</date>
  <logger>HIAGO NATAN FERNANDES DE SOUSA</logger>
  <level>FINE</level>
  <message>File 116210587-HIAGO NATAN FERNANDES DE SOUSA.zip was received. It was sent by HIAGO NATAN FERNANDES DE SOUSA from IP 192.168.0.105</message>
</record>
</log>
<?xml version="1.0" encoding="UTF-8" standalone="no"?>
<!DOCTYPE log SYSTEM "logger.dtd">
<log>
<record>
  <date>2016-11-30T22:54:15.182-0300</date>
  <logger>HIAGO NATAN FERNANDES DE SOUSA</logger>
  <level>FINE</level>
  <message>File 116210587-HIAGO NATAN FERNANDES DE SOUSA.zip was received. It was sent by HIAGO NATAN FERNANDES DE SOUSA from IP 192.168.0.105</message>
</record>
</log>
<?xml version="1.0" encoding="UTF-8" standalone="no"?>
<!DOCTYPE log SYSTEM "logger.dtd">
<log>
<record>
  <date>2016-12-01T00:52:45.460-0300</date>
  <logger>HIAGO NATAN FERNANDES DE SOUSA</logger>
  <level>FINE</level>
  <message>File 116210587-HIAGO NATAN FERNANDES DE SOUSA.zip was received. It was sent by HIAGO NATAN FERNANDES DE SOUSA from IP 192.168.0.105</message>
</record>
</log>
<?xml version="1.0" encoding="UTF-8" standalone="no"?>
<!DOCTYPE log SYSTEM "logger.dtd">
<log>
<record>
  <date>2016-12-01T01:00:57.758-0300</date>
  <logger>HIAGO NATAN FERNANDES DE SOUSA</logger>
  <level>FINE</level>
  <message>File 116210587-HIAGO NATAN FERNANDES DE SOUSA.zip was received. It was sent by HIAGO NATAN FERNANDES DE SOUSA from IP 192.168.0.105</message>
</record>
</log>
<?xml version="1.0" encoding="UTF-8" standalone="no"?>
<!DOCTYPE log SYSTEM "logger.dtd">
<log>
<record>
  <date>2016-12-01T01:03:30.631-0300</date>
  <logger>HIAGO NATAN FERNANDES DE SOUSA</logger>
  <level>FINE</level>
  <message>File 116210587-HIAGO NATAN FERNANDES DE SOUSA.zip was received. It was sent by HIAGO NATAN FERNANDES DE SOUSA from IP 192.168.0.105</message>
</record>
