<?xml version="1.0" encoding="UTF-8" standalone="no"?>
<!DOCTYPE log SYSTEM "logger.dtd">
<head/><log>
<record>
  <date>2016-11-28T14:11:24.715-0300</date>
  <logger>HIAGO NATAN FERNANDES DE SOUSA</logger>
  <level>FINE</level>
  <message>File 116210587-HIAGO NATAN FERNANDES DE SOUSA.zip was received. It was sent by HIAGO NATAN FERNANDES DE SOUSA from IP 150.165.74.112</message>
</record>
</log>
<?xml version="1.0" encoding="UTF-8" standalone="no"?>
<!DOCTYPE log SYSTEM "logger.dtd">
<log>
<record>
  <date>2016-11-28T23:10:10.587-0300</date>
  <logger>HIAGO NATAN FERNANDES DE SOUSA</logger>
  <level>FINE</level>
  <message>File 116210587-HIAGO NATAN FERNANDES DE SOUSA.zip was received. It was sent by HIAGO NATAN FERNANDES DE SOUSA from IP 192.168.56.1</message>
</record>
</log>
<?xml version="1.0" encoding="UTF-8" standalone="no"?>
<!DOCTYPE log SYSTEM "logger.dtd">
<log>
<record>
  <date>2016-11-28T23:12:37.485-0300</date>
  <logger>HIAGO NATAN FERNANDES DE SOUSA</logger>
  <level>FINE</level>
  <message>File 116210587-HIAGO NATAN FERNANDES DE SOUSA.zip was received. It was sent by HIAGO NATAN FERNANDES DE SOUSA from IP 192.168.56.1</message>
</record>
