<?xml version="1.0" encoding="UTF-8" standalone="no"?>
<!DOCTYPE log SYSTEM "logger.dtd">
<log>
<record>
  <date>2017-03-13T14:13:06.577-0300</date>
  <logger>HIAGO NATAN FERNANDES DE SOUSA</logger>
  <level>FINE</level>
  <message>File 116210587-HIAGO NATAN FERNANDES DE SOUSA.zip was received. It was sent by HIAGO NATAN FERNANDES DE SOUSA from IP 192.168.25.96</message>
</record>
</log>
<?xml version="1.0" encoding="UTF-8" standalone="no"?>
<!DOCTYPE log SYSTEM "logger.dtd">
<log>
<record>
  <date>2017-03-13T21:53:57.455-0300</date>
  <logger>HIAGO NATAN FERNANDES DE SOUSA</logger>
  <level>FINE</level>
  <message>File 116210587-HIAGO NATAN FERNANDES DE SOUSA.zip was received. It was sent by HIAGO NATAN FERNANDES DE SOUSA from IP 192.168.15.5</message>
</record>
</log>
<?xml version="1.0" encoding="UTF-8" standalone="no"?>
<!DOCTYPE log SYSTEM "logger.dtd">
<log>
<record>
  <date>2017-03-13T21:56:00.973-0300</date>
  <logger>HIAGO NATAN FERNANDES DE SOUSA</logger>
  <level>FINE</level>
  <message>File 116210587-HIAGO NATAN FERNANDES DE SOUSA.zip was received. It was sent by HIAGO NATAN FERNANDES DE SOUSA from IP 192.168.15.5</message>
</record>
</log>
<?xml version="1.0" encoding="UTF-8" standalone="no"?>
<!DOCTYPE log SYSTEM "logger.dtd">
<log>
<record>
  <date>2017-03-13T23:44:05.690-0300</date>
  <logger>HIAGO NATAN FERNANDES DE SOUSA</logger>
  <level>FINE</level>
  <message>File 116210587-HIAGO NATAN FERNANDES DE SOUSA.zip was received. It was sent by HIAGO NATAN FERNANDES DE SOUSA from IP 192.168.15.5</message>
</record>
