<?xml version="1.0" encoding="UTF-8" standalone="no"?>
<!DOCTYPE log SYSTEM "logger.dtd">
<log>
<record>
  <date>2017-02-20T16:44:01.793-0300</date>
  <logger>HIAGO NATAN FERNANDES DE SOUSA</logger>
  <level>FINE</level>
  <message>File 116210587-HIAGO NATAN FERNANDES DE SOUSA.zip was received. It was sent by HIAGO NATAN FERNANDES DE SOUSA from IP 192.168.25.31</message>
</record>
</log>
<?xml version="1.0" encoding="UTF-8" standalone="no"?>
<!DOCTYPE log SYSTEM "logger.dtd">
<log>
<record>
  <date>2017-02-22T09:14:36.871-0300</date>
  <logger>HIAGO NATAN FERNANDES DE SOUSA</logger>
  <level>FINE</level>
  <message>File 116210587-HIAGO NATAN FERNANDES DE SOUSA.zip was received. It was sent by HIAGO NATAN FERNANDES DE SOUSA from IP 192.168.15.5</message>
</record>
</log>
<?xml version="1.0" encoding="UTF-8" standalone="no"?>
<!DOCTYPE log SYSTEM "logger.dtd">
<log>
<record>
  <date>2017-02-22T20:48:48.460-0300</date>
  <logger>HIAGO NATAN FERNANDES DE SOUSA</logger>
  <level>FINE</level>
  <message>File 116210587-HIAGO NATAN FERNANDES DE SOUSA.zip was received. It was sent by HIAGO NATAN FERNANDES DE SOUSA from IP 192.168.15.5</message>
</record>
