<?xml version="1.0" encoding="UTF-8" standalone="no"?>
<!DOCTYPE log SYSTEM "logger.dtd">
<log>
<record>
  <date>2017-02-01T16:08:24.724-0300</date>
  <logger>HIAGO NATAN FERNANDES DE SOUSA</logger>
  <level>FINE</level>
  <message>File 116210587-HIAGO NATAN FERNANDES DE SOUSA.zip was received. It was sent by HIAGO NATAN FERNANDES DE SOUSA from IP 192.168.0.101</message>
</record>
</log>
<?xml version="1.0" encoding="UTF-8" standalone="no"?>
<!DOCTYPE log SYSTEM "logger.dtd">
<log>
<record>
  <date>2017-02-02T02:45:41.177-0300</date>
  <logger>HIAGO NATAN FERNANDES DE SOUSA</logger>
  <level>FINE</level>
  <message>File 116210587-HIAGO NATAN FERNANDES DE SOUSA.zip was received. It was sent by HIAGO NATAN FERNANDES DE SOUSA from IP 192.168.0.101</message>
</record>
</log>
<?xml version="1.0" encoding="UTF-8" standalone="no"?>
<!DOCTYPE log SYSTEM "logger.dtd">
<log>
<record>
  <date>2017-02-02T23:15:01.154-0300</date>
  <logger>HIAGO NATAN FERNANDES DE SOUSA</logger>
  <level>FINE</level>
  <message>File 116210587-HIAGO NATAN FERNANDES DE SOUSA.zip was received. It was sent by HIAGO NATAN FERNANDES DE SOUSA from IP 192.168.0.101</message>
</record>
